\BOOKMARK [1][-]{section.1}{\040String\040Method\040}{}% 1
\BOOKMARK [1][-]{section.2}{\040Projection\040of\040a\040Circle\040}{}% 2
\BOOKMARK [1][-]{section.3}{\040Finding\040Ellipse\040in\040Planet\040Orbits\040}{}% 3
\BOOKMARK [2][-]{subsection.3.1}{\040The\040Problem\040}{section.3}% 4
\BOOKMARK [2][-]{subsection.3.2}{\040Energy\040Method\040}{section.3}% 5
\BOOKMARK [2][-]{subsection.3.3}{\040Finding\040the\040Total\040Energy\040Equation\040}{section.3}% 6
\BOOKMARK [2][-]{subsection.3.4}{\040The\040Solution\040}{section.3}% 7
\BOOKMARK [2][-]{subsection.3.5}{\040The\040Differntial\040Equation\040}{section.3}% 8
\BOOKMARK [2][-]{subsection.3.6}{\040Few\040more\040thoughts\040on\040it\040}{section.3}% 9
\BOOKMARK [1][-]{section.4}{\040A\040very\040cool\040problem\040}{}% 10
\BOOKMARK [1][-]{section.5}{\040The\040problem\040of\040Illumination\040and\040Never\040missing\040another\040shot\040}{}% 11
\BOOKMARK [1][-]{section.6}{\040Area\040of\040Ellipse\040}{}% 12
\BOOKMARK [1][-]{section.7}{\040Ellipse\040and\040Cartesian\040Format\040}{}% 13
\BOOKMARK [2][-]{subsubsection.7.0.1}{\040Jacobian\040}{section.7}% 14
\BOOKMARK [1][-]{section.8}{\040Adiabatic\040Invariant\040and\040Phase\040Space\040}{}% 15
\BOOKMARK [1][-]{section.9}{\040The\040Easy\040but\040Sad\040Physics\040Cup\040problem\040and\040Runge\040Lenz\040Vector\040}{}% 16
\BOOKMARK [2][-]{subsection.9.1}{\040Derivation\040}{section.9}% 17
\BOOKMARK [3][-]{subsubsection.9.1.1}{\040Find\040the\040Gravity\040Equation\040of\040Motion\040}{subsection.9.1}% 18
\BOOKMARK [3][-]{subsubsection.9.1.2}{\040Angular\040Momentum\040Constant\040Check\040}{subsection.9.1}% 19
\BOOKMARK [3][-]{subsubsection.9.1.3}{\040Compute\040\040\040\040\040}{subsection.9.1}% 20
\BOOKMARK [3][-]{subsubsection.9.1.4}{\040Solve\040\040}{subsection.9.1}% 21
\BOOKMARK [3][-]{subsubsection.9.1.5}{\040Use\040the\040information\040that\040\040is\040constant\040}{subsection.9.1}% 22
\BOOKMARK [3][-]{subsubsection.9.1.6}{\040Deriving\040Ellipse\040equation\040}{subsection.9.1}% 23
\BOOKMARK [3][-]{subsubsection.9.1.7}{\040What\040it\040took\040me\040to\040derive\040this.\040}{subsection.9.1}% 24
\BOOKMARK [2][-]{subsection.9.2}{\040Solving\040using\040the\040\040\040way}{section.9}% 25
